<?xml version="1.0" encoding="UTF-8"?>
<coverage generated="1733796105186" clover="3.2.0">
  <project timestamp="1733796105186" name="All files">
    <metrics statements="115" coveredstatements="76" conditionals="32" coveredconditionals="20" methods="16" coveredmethods="10" elements="163" coveredelements="106" complexity="0" loc="115" ncloc="115" packages="5" files="8" classes="8"/>
    <package name="backend">
      <metrics statements="20" coveredstatements="17" conditionals="0" coveredconditionals="0" methods="5" coveredmethods="4"/>
      <file name="server.js" path="/Users/muskasaid/diaryapp/backend/server.js">
        <metrics statements="20" coveredstatements="17" conditionals="0" coveredconditionals="0" methods="5" coveredmethods="4"/>
        <line num="8" count="1" type="stmt"/>
        <line num="9" count="1" type="stmt"/>
        <line num="11" count="1" type="stmt"/>
        <line num="12" count="1" type="stmt"/>
        <line num="13" count="1" type="stmt"/>
        <line num="15" count="1" type="stmt"/>
        <line num="16" count="10" type="stmt"/>
        <line num="17" count="10" type="stmt"/>
        <line num="20" count="1" type="stmt"/>
        <line num="21" count="1" type="stmt"/>
        <line num="23" count="1" type="stmt"/>
        <line num="24" count="1" type="stmt"/>
        <line num="25" count="1" type="stmt"/>
        <line num="27" count="1" type="stmt"/>
        <line num="31" count="1" type="stmt"/>
        <line num="33" count="0" type="stmt"/>
        <line num="34" count="0" type="stmt"/>
        <line num="38" count="1" type="stmt"/>
        <line num="39" count="1" type="stmt"/>
        <line num="40" count="0" type="stmt"/>
      </file>
    </package>
    <package name="backend.controllers">
      <metrics statements="55" coveredstatements="21" conditionals="12" coveredconditionals="0" methods="8" coveredmethods="3"/>
      <file name="postControllers.js" path="/Users/muskasaid/diaryapp/backend/controllers/postControllers.js">
        <metrics statements="39" coveredstatements="5" conditionals="12" coveredconditionals="0" methods="5" coveredmethods="0"/>
        <line num="4" count="1" type="stmt"/>
        <line num="5" count="0" type="stmt"/>
        <line num="7" count="0" type="stmt"/>
        <line num="8" count="0" type="stmt"/>
        <line num="9" count="0" type="stmt"/>
        <line num="11" count="0" type="stmt"/>
        <line num="15" count="1" type="stmt"/>
        <line num="16" count="0" type="stmt"/>
        <line num="18" count="0" type="cond" truecount="0" falsecount="2"/>
        <line num="20" count="0" type="stmt"/>
        <line num="21" count="0" type="stmt"/>
        <line num="22" count="0" type="cond" truecount="0" falsecount="2"/>
        <line num="23" count="0" type="stmt"/>
        <line num="25" count="0" type="stmt"/>
        <line num="29" count="1" type="stmt"/>
        <line num="30" count="0" type="stmt"/>
        <line num="31" count="0" type="stmt"/>
        <line num="33" count="0" type="stmt"/>
        <line num="34" count="0" type="stmt"/>
        <line num="35" count="0" type="stmt"/>
        <line num="37" count="0" type="stmt"/>
        <line num="41" count="1" type="stmt"/>
        <line num="42" count="0" type="stmt"/>
        <line num="44" count="0" type="cond" truecount="0" falsecount="2"/>
        <line num="46" count="0" type="stmt"/>
        <line num="47" count="0" type="stmt"/>
        <line num="48" count="0" type="cond" truecount="0" falsecount="2"/>
        <line num="49" count="0" type="stmt"/>
        <line num="50" count="0" type="stmt"/>
        <line num="52" count="0" type="stmt"/>
        <line num="56" count="1" type="stmt"/>
        <line num="57" count="0" type="stmt"/>
        <line num="59" count="0" type="cond" truecount="0" falsecount="2"/>
        <line num="61" count="0" type="stmt"/>
        <line num="62" count="0" type="stmt"/>
        <line num="63" count="0" type="cond" truecount="0" falsecount="2"/>
        <line num="64" count="0" type="stmt"/>
        <line num="65" count="0" type="stmt"/>
        <line num="67" count="0" type="stmt"/>
      </file>
      <file name="userControllers.js" path="/Users/muskasaid/diaryapp/backend/controllers/userControllers.js">
        <metrics statements="16" coveredstatements="16" conditionals="0" coveredconditionals="0" methods="3" coveredmethods="3"/>
        <line num="4" count="1" type="stmt"/>
        <line num="5" count="2" type="stmt"/>
        <line num="13" count="1" type="stmt"/>
        <line num="14" count="6" type="stmt"/>
        <line num="16" count="6" type="stmt"/>
        <line num="17" count="6" type="stmt"/>
        <line num="18" count="1" type="stmt"/>
        <line num="19" count="1" type="stmt"/>
        <line num="21" count="5" type="stmt"/>
        <line num="26" count="1" type="stmt"/>
        <line num="27" count="4" type="stmt"/>
        <line num="29" count="4" type="stmt"/>
        <line num="30" count="4" type="stmt"/>
        <line num="31" count="1" type="stmt"/>
        <line num="32" count="1" type="stmt"/>
        <line num="34" count="3" type="stmt"/>
      </file>
    </package>
    <package name="backend.middleware">
      <metrics statements="11" coveredstatements="9" conditionals="2" coveredconditionals="2" methods="1" coveredmethods="1"/>
      <file name="auth.js" path="/Users/muskasaid/diaryapp/backend/middleware/auth.js">
        <metrics statements="11" coveredstatements="9" conditionals="2" coveredconditionals="2" methods="1" coveredmethods="1"/>
        <line num="4" count="2" type="stmt"/>
        <line num="5" count="2" type="stmt"/>
        <line num="7" count="2" type="cond" truecount="2" falsecount="0"/>
        <line num="9" count="1" type="stmt"/>
        <line num="11" count="1" type="stmt"/>
        <line num="12" count="1" type="stmt"/>
        <line num="13" count="0" type="stmt"/>
        <line num="14" count="0" type="stmt"/>
        <line num="16" count="1" type="stmt"/>
        <line num="17" count="1" type="stmt"/>
        <line num="18" count="1" type="stmt"/>
      </file>
    </package>
    <package name="backend.models">
      <metrics statements="19" coveredstatements="19" conditionals="18" coveredconditionals="18" methods="2" coveredmethods="2"/>
      <file name="Post.js" path="/Users/muskasaid/diaryapp/backend/models/Post.js">
        <metrics statements="1" coveredstatements="1" conditionals="0" coveredconditionals="0" methods="0" coveredmethods="0"/>
        <line num="3" count="2" type="stmt"/>
      </file>
      <file name="User.js" path="/Users/muskasaid/diaryapp/backend/models/User.js">
        <metrics statements="18" coveredstatements="18" conditionals="18" coveredconditionals="18" methods="2" coveredmethods="2"/>
        <line num="5" count="3" type="stmt"/>
        <line num="21" count="3" type="stmt"/>
        <line num="22" count="15" type="cond" truecount="4" falsecount="0"/>
        <line num="23" count="13" type="cond" truecount="2" falsecount="0"/>
        <line num="24" count="11" type="cond" truecount="2" falsecount="0"/>
        <line num="26" count="9" type="stmt"/>
        <line num="27" count="9" type="cond" truecount="2" falsecount="0"/>
        <line num="29" count="5" type="stmt"/>
        <line num="30" count="5" type="stmt"/>
        <line num="32" count="5" type="stmt"/>
        <line num="34" count="5" type="stmt"/>
        <line num="37" count="3" type="stmt"/>
        <line num="38" count="9" type="cond" truecount="4" falsecount="0"/>
        <line num="40" count="6" type="stmt"/>
        <line num="41" count="6" type="cond" truecount="2" falsecount="0"/>
        <line num="43" count="4" type="stmt"/>
        <line num="45" count="4" type="cond" truecount="2" falsecount="0"/>
        <line num="47" count="2" type="stmt"/>
      </file>
    </package>
    <package name="backend.routes">
      <metrics statements="10" coveredstatements="10" conditionals="0" coveredconditionals="0" methods="0" coveredmethods="0"/>
      <file name="posts.js" path="/Users/muskasaid/diaryapp/backend/routes/posts.js">
        <metrics statements="7" coveredstatements="7" conditionals="0" coveredconditionals="0" methods="0" coveredmethods="0"/>
        <line num="11" count="1" type="stmt"/>
        <line num="12" count="1" type="stmt"/>
        <line num="14" count="1" type="stmt"/>
        <line num="15" count="1" type="stmt"/>
        <line num="16" count="1" type="stmt"/>
        <line num="17" count="1" type="stmt"/>
        <line num="18" count="1" type="stmt"/>
      </file>
      <file name="users.js" path="/Users/muskasaid/diaryapp/backend/routes/users.js">
        <metrics statements="3" coveredstatements="3" conditionals="0" coveredconditionals="0" methods="0" coveredmethods="0"/>
        <line num="7" count="1" type="stmt"/>
        <line num="9" count="1" type="stmt"/>
        <line num="10" count="1" type="stmt"/>
      </file>
    </package>
  </project>
</coverage>
