{"/Users/muskasaid/diaryapp/backend/middleware/auth.js": {"path":"/Users/muskasaid/diaryapp/backend/middleware/auth.js","statementMap":{"0":{"start":{"line":4,"column":27},"end":{"line":20,"column":1}},"1":{"start":{"line":5,"column":30},"end":{"line":5,"column":41}},"2":{"start":{"line":7,"column":4},"end":{"line":7,"column":95}},"3":{"start":{"line":7,"column":24},"end":{"line":7,"column":95}},"4":{"start":{"line":9,"column":18},"end":{"line":9,"column":45}},"5":{"start":{"line":11,"column":4},"end":{"line":19,"column":5}},"6":{"start":{"line":12,"column":24},"end":{"line":12,"column":65}},"7":{"start":{"line":13,"column":8},"end":{"line":13,"column":61}},"8":{"start":{"line":14,"column":8},"end":{"line":14,"column":15}},"9":{"start":{"line":16,"column":8},"end":{"line":16,"column":25}},"10":{"start":{"line":17,"column":8},"end":{"line":17,"column":58}},"11":{"start":{"line":18,"column":8},"end":{"line":18,"column":18}}},"fnMap":{"0":{"name":"(anonymous_0)","decl":{"start":{"line":4,"column":27},"end":{"line":4,"column":28}},"loc":{"start":{"line":4,"column":53},"end":{"line":20,"column":1}},"line":4}},"branchMap":{"0":{"loc":{"start":{"line":7,"column":4},"end":{"line":7,"column":95}},"type":"if","locations":[{"start":{"line":7,"column":4},"end":{"line":7,"column":95}},{"start":{},"end":{}}],"line":7}},"s":{"0":1,"1":2,"2":2,"3":1,"4":1,"5":1,"6":1,"7":0,"8":0,"9":1,"10":1,"11":1},"f":{"0":2},"b":{"0":[1,1]},"_coverageSchema":"1a1c01bbd47fc00a2c39e90264f33305004495a9","hash":"60d37604ceb56a34f5fa92c1bb041ab19b8424a4"}
,"/Users/muskasaid/diaryapp/backend/models/Post.js": {"path":"/Users/muskasaid/diaryapp/backend/models/Post.js","statementMap":{"0":{"start":{"line":4,"column":19},"end":{"line":41,"column":2}},"1":{"start":{"line":43,"column":0},"end":{"line":53,"column":3}},"2":{"start":{"line":44,"column":4},"end":{"line":51,"column":5}},"3":{"start":{"line":45,"column":8},"end":{"line":50,"column":9}},"4":{"start":{"line":46,"column":25},"end":{"line":46,"column":49}},"5":{"start":{"line":47,"column":12},"end":{"line":47,"column":67}},"6":{"start":{"line":49,"column":12},"end":{"line":49,"column":29}},"7":{"start":{"line":52,"column":4},"end":{"line":52,"column":11}}},"fnMap":{"0":{"name":"(anonymous_0)","decl":{"start":{"line":43,"column":23},"end":{"line":43,"column":24}},"loc":{"start":{"line":43,"column":45},"end":{"line":53,"column":1}},"line":43}},"branchMap":{"0":{"loc":{"start":{"line":44,"column":4},"end":{"line":51,"column":5}},"type":"if","locations":[{"start":{"line":44,"column":4},"end":{"line":51,"column":5}},{"start":{},"end":{}}],"line":44},"1":{"loc":{"start":{"line":44,"column":8},"end":{"line":44,"column":52}},"type":"binary-expr","locations":[{"start":{"line":44,"column":8},"end":{"line":44,"column":21}},{"start":{"line":44,"column":25},"end":{"line":44,"column":52}}],"line":44}},"s":{"0":1,"1":1,"2":0,"3":0,"4":0,"5":0,"6":0,"7":0},"f":{"0":0},"b":{"0":[0,0],"1":[0,0]},"_coverageSchema":"1a1c01bbd47fc00a2c39e90264f33305004495a9","hash":"e912980ac3f358a73709c799effc6551e2c4983d"}
,"/Users/muskasaid/diaryapp/backend/models/User.js": {"path":"/Users/muskasaid/diaryapp/backend/models/User.js","statementMap":{"0":{"start":{"line":5,"column":19},"end":{"line":19,"column":2}},"1":{"start":{"line":21,"column":0},"end":{"line":35,"column":2}},"2":{"start":{"line":22,"column":4},"end":{"line":22,"column":64}},"3":{"start":{"line":22,"column":29},"end":{"line":22,"column":64}},"4":{"start":{"line":23,"column":4},"end":{"line":23,"column":64}},"5":{"start":{"line":23,"column":35},"end":{"line":23,"column":64}},"6":{"start":{"line":24,"column":4},"end":{"line":24,"column":82}},"7":{"start":{"line":24,"column":47},"end":{"line":24,"column":82}},"8":{"start":{"line":26,"column":19},"end":{"line":26,"column":48}},"9":{"start":{"line":27,"column":4},"end":{"line":27,"column":56}},"10":{"start":{"line":27,"column":16},"end":{"line":27,"column":56}},"11":{"start":{"line":29,"column":17},"end":{"line":29,"column":41}},"12":{"start":{"line":30,"column":17},"end":{"line":30,"column":50}},"13":{"start":{"line":32,"column":17},"end":{"line":32,"column":61}},"14":{"start":{"line":34,"column":4},"end":{"line":34,"column":16}},"15":{"start":{"line":37,"column":0},"end":{"line":48,"column":2}},"16":{"start":{"line":38,"column":4},"end":{"line":38,"column":64}},"17":{"start":{"line":38,"column":29},"end":{"line":38,"column":64}},"18":{"start":{"line":40,"column":17},"end":{"line":40,"column":46}},"19":{"start":{"line":41,"column":4},"end":{"line":41,"column":51}},"20":{"start":{"line":41,"column":15},"end":{"line":41,"column":51}},"21":{"start":{"line":43,"column":18},"end":{"line":43,"column":63}},"22":{"start":{"line":45,"column":4},"end":{"line":45,"column":50}},"23":{"start":{"line":45,"column":16},"end":{"line":45,"column":50}},"24":{"start":{"line":47,"column":4},"end":{"line":47,"column":16}}},"fnMap":{"0":{"name":"(anonymous_0)","decl":{"start":{"line":21,"column":28},"end":{"line":21,"column":29}},"loc":{"start":{"line":21,"column":60},"end":{"line":35,"column":1}},"line":21},"1":{"name":"(anonymous_1)","decl":{"start":{"line":37,"column":27},"end":{"line":37,"column":28}},"loc":{"start":{"line":37,"column":59},"end":{"line":48,"column":1}},"line":37}},"branchMap":{"0":{"loc":{"start":{"line":22,"column":4},"end":{"line":22,"column":64}},"type":"if","locations":[{"start":{"line":22,"column":4},"end":{"line":22,"column":64}},{"start":{},"end":{}}],"line":22},"1":{"loc":{"start":{"line":22,"column":8},"end":{"line":22,"column":27}},"type":"binary-expr","locations":[{"start":{"line":22,"column":8},"end":{"line":22,"column":14}},{"start":{"line":22,"column":18},"end":{"line":22,"column":27}}],"line":22},"2":{"loc":{"start":{"line":23,"column":4},"end":{"line":23,"column":64}},"type":"if","locations":[{"start":{"line":23,"column":4},"end":{"line":23,"column":64}},{"start":{},"end":{}}],"line":23},"3":{"loc":{"start":{"line":24,"column":4},"end":{"line":24,"column":82}},"type":"if","locations":[{"start":{"line":24,"column":4},"end":{"line":24,"column":82}},{"start":{},"end":{}}],"line":24},"4":{"loc":{"start":{"line":27,"column":4},"end":{"line":27,"column":56}},"type":"if","locations":[{"start":{"line":27,"column":4},"end":{"line":27,"column":56}},{"start":{},"end":{}}],"line":27},"5":{"loc":{"start":{"line":38,"column":4},"end":{"line":38,"column":64}},"type":"if","locations":[{"start":{"line":38,"column":4},"end":{"line":38,"column":64}},{"start":{},"end":{}}],"line":38},"6":{"loc":{"start":{"line":38,"column":8},"end":{"line":38,"column":27}},"type":"binary-expr","locations":[{"start":{"line":38,"column":8},"end":{"line":38,"column":14}},{"start":{"line":38,"column":18},"end":{"line":38,"column":27}}],"line":38},"7":{"loc":{"start":{"line":41,"column":4},"end":{"line":41,"column":51}},"type":"if","locations":[{"start":{"line":41,"column":4},"end":{"line":41,"column":51}},{"start":{},"end":{}}],"line":41},"8":{"loc":{"start":{"line":45,"column":4},"end":{"line":45,"column":50}},"type":"if","locations":[{"start":{"line":45,"column":4},"end":{"line":45,"column":50}},{"start":{},"end":{}}],"line":45}},"s":{"0":2,"1":2,"2":2,"3":0,"4":2,"5":1,"6":1,"7":0,"8":1,"9":1,"10":0,"11":1,"12":1,"13":1,"14":1,"15":2,"16":3,"17":0,"18":3,"19":3,"20":1,"21":2,"22":2,"23":1,"24":1},"f":{"0":2,"1":3},"b":{"0":[0,2],"1":[2,2],"2":[1,1],"3":[0,1],"4":[0,1],"5":[0,3],"6":[3,3],"7":[1,2],"8":[1,1]},"_coverageSchema":"1a1c01bbd47fc00a2c39e90264f33305004495a9","hash":"917dbf8b9933cba7cee8d5993bb08aa8f85f1acd"}
}
