TN:
SF:middleware/auth.js
FN:4,(anonymous_0)
FNF:1
FNH:1
FNDA:2,(anonymous_0)
DA:4,1
DA:5,2
DA:7,2
DA:9,1
DA:11,1
DA:12,1
DA:13,0
DA:14,0
DA:16,1
DA:17,1
DA:18,1
LF:11
LH:9
BRDA:7,0,0,1
BRDA:7,0,1,1
BRF:2
BRH:2
end_of_record
TN:
SF:models/Post.js
FN:43,(anonymous_0)
FNF:1
FNH:0
FNDA:0,(anonymous_0)
DA:4,1
DA:43,1
DA:44,0
DA:45,0
DA:46,0
DA:47,0
DA:49,0
DA:52,0
LF:8
LH:2
BRDA:44,0,0,0
BRDA:44,0,1,0
BRDA:44,1,0,0
BRDA:44,1,1,0
BRF:4
BRH:0
end_of_record
TN:
SF:models/User.js
FN:21,(anonymous_0)
FN:37,(anonymous_1)
FNF:2
FNH:2
FNDA:2,(anonymous_0)
FNDA:3,(anonymous_1)
DA:5,2
DA:21,2
DA:22,2
DA:23,2
DA:24,1
DA:26,1
DA:27,1
DA:29,1
DA:30,1
DA:32,1
DA:34,1
DA:37,2
DA:38,3
DA:40,3
DA:41,3
DA:43,2
DA:45,2
DA:47,1
LF:18
LH:18
BRDA:22,0,0,0
BRDA:22,0,1,2
BRDA:22,1,0,2
BRDA:22,1,1,2
BRDA:23,2,0,1
BRDA:23,2,1,1
BRDA:24,3,0,0
BRDA:24,3,1,1
BRDA:27,4,0,0
BRDA:27,4,1,1
BRDA:38,5,0,0
BRDA:38,5,1,3
BRDA:38,6,0,3
BRDA:38,6,1,3
BRDA:41,7,0,1
BRDA:41,7,1,2
BRDA:45,8,0,1
BRDA:45,8,1,1
BRF:18
BRH:14
end_of_record
