TN:
SF:server.js
FN:15,(anonymous_0)
FN:23,(anonymous_1)
FN:38,(anonymous_2)
FN:39,(anonymous_3)
FN:40,(anonymous_4)
FNF:5
FNH:4
FNDA:10,(anonymous_0)
FNDA:1,(anonymous_1)
FNDA:1,(anonymous_2)
FNDA:1,(anonymous_3)
FNDA:0,(anonymous_4)
DA:8,1
DA:9,1
DA:11,1
DA:12,1
DA:13,1
DA:15,1
DA:16,10
DA:17,10
DA:20,1
DA:21,1
DA:23,1
DA:24,1
DA:25,1
DA:27,1
DA:31,1
DA:33,0
DA:34,0
DA:38,1
DA:39,1
DA:40,0
LF:20
LH:17
BRF:0
BRH:0
end_of_record
TN:
SF:controllers/postControllers.js
FN:4,(anonymous_0)
FN:15,(anonymous_1)
FN:29,(anonymous_2)
FN:41,(anonymous_3)
FN:56,(anonymous_4)
FNF:5
FNH:0
FNDA:0,(anonymous_0)
FNDA:0,(anonymous_1)
FNDA:0,(anonymous_2)
FNDA:0,(anonymous_3)
FNDA:0,(anonymous_4)
DA:4,1
DA:5,0
DA:7,0
DA:8,0
DA:9,0
DA:11,0
DA:15,1
DA:16,0
DA:18,0
DA:20,0
DA:21,0
DA:22,0
DA:23,0
DA:25,0
DA:29,1
DA:30,0
DA:31,0
DA:33,0
DA:34,0
DA:35,0
DA:37,0
DA:41,1
DA:42,0
DA:44,0
DA:46,0
DA:47,0
DA:48,0
DA:49,0
DA:50,0
DA:52,0
DA:56,1
DA:57,0
DA:59,0
DA:61,0
DA:62,0
DA:63,0
DA:64,0
DA:65,0
DA:67,0
LF:39
LH:5
BRDA:18,0,0,0
BRDA:18,0,1,0
BRDA:22,1,0,0
BRDA:22,1,1,0
BRDA:44,2,0,0
BRDA:44,2,1,0
BRDA:48,3,0,0
BRDA:48,3,1,0
BRDA:59,4,0,0
BRDA:59,4,1,0
BRDA:63,5,0,0
BRDA:63,5,1,0
BRF:12
BRH:0
end_of_record
TN:
SF:controllers/userControllers.js
FN:4,(anonymous_0)
FN:13,(anonymous_1)
FN:26,(anonymous_2)
FNF:3
FNH:3
FNDA:2,(anonymous_0)
FNDA:6,(anonymous_1)
FNDA:4,(anonymous_2)
DA:4,1
DA:5,2
DA:13,1
DA:14,6
DA:16,6
DA:17,6
DA:18,1
DA:19,1
DA:21,5
DA:26,1
DA:27,4
DA:29,4
DA:30,4
DA:31,1
DA:32,1
DA:34,3
LF:16
LH:16
BRF:0
BRH:0
end_of_record
TN:
SF:middleware/auth.js
FN:4,(anonymous_0)
FNF:1
FNH:1
FNDA:2,(anonymous_0)
DA:4,2
DA:5,2
DA:7,2
DA:9,1
DA:11,1
DA:12,1
DA:13,0
DA:14,0
DA:16,1
DA:17,1
DA:18,1
LF:11
LH:9
BRDA:7,0,0,1
BRDA:7,0,1,1
BRF:2
BRH:2
end_of_record
TN:
SF:models/Post.js
FNF:0
FNH:0
DA:3,2
LF:1
LH:1
BRF:0
BRH:0
end_of_record
TN:
SF:models/User.js
FN:21,(anonymous_0)
FN:37,(anonymous_1)
FNF:2
FNH:2
FNDA:15,(anonymous_0)
FNDA:9,(anonymous_1)
DA:5,3
DA:21,3
DA:22,15
DA:23,13
DA:24,11
DA:26,9
DA:27,9
DA:29,5
DA:30,5
DA:32,5
DA:34,5
DA:37,3
DA:38,9
DA:40,6
DA:41,6
DA:43,4
DA:45,4
DA:47,2
LF:18
LH:18
BRDA:22,0,0,2
BRDA:22,0,1,13
BRDA:22,1,0,15
BRDA:22,1,1,14
BRDA:23,2,0,2
BRDA:23,2,1,11
BRDA:24,3,0,2
BRDA:24,3,1,9
BRDA:27,4,0,4
BRDA:27,4,1,5
BRDA:38,5,0,3
BRDA:38,5,1,6
BRDA:38,6,0,9
BRDA:38,6,1,7
BRDA:41,7,0,2
BRDA:41,7,1,4
BRDA:45,8,0,2
BRDA:45,8,1,2
BRF:18
BRH:18
end_of_record
TN:
SF:routes/posts.js
FNF:0
FNH:0
DA:11,1
DA:12,1
DA:14,1
DA:15,1
DA:16,1
DA:17,1
DA:18,1
LF:7
LH:7
BRF:0
BRH:0
end_of_record
TN:
SF:routes/users.js
FNF:0
FNH:0
DA:7,1
DA:9,1
DA:10,1
LF:3
LH:3
BRF:0
BRH:0
end_of_record
